[2025-11-21 19:51:47][INFO] Iniciando scraping para acritica (14/11/2025 a 21/11/2025)
[2025-11-21 19:51:47][INFO] --- Iniciando busca em 'https://www.acritica.com/policia' ---
[2025-11-21 19:51:47][DEBUG] >> Processando página 1...
[2025-11-21 19:51:50][INFO] Encontrados 20 links na listagem.
[2025-11-21 19:51:53][DEBUG] [GUARDADO] 2025-11-21 - Jovem é preso novamente por enviar drogas escondidas em barr...
[2025-11-21 19:51:55][DEBUG] [GUARDADO] 2025-11-21 - Lula celebra retirada de tarifas pelos EUA e diz que sinaliz...
[2025-11-21 19:51:56][DEBUG] [GUARDADO] 2025-11-20 - Homem é preso pela segunda vez em três dias por violência do...
[2025-11-21 19:51:57][DEBUG] [GUARDADO] 2025-11-20 - Justiça autoriza e “Dama do Tráfico” vai cumprir prisão domi...
[2025-11-21 19:51:59][DEBUG] [GUARDADO] 2025-11-19 - Polícia Civil incinera quatro toneladas de entorpecentes apr...
[2025-11-21 19:52:01][DEBUG] [GUARDADO] 2025-11-19 - Em Benjamin Constant, polícia prende jovem com mais de 15 qu...
[2025-11-21 19:52:03][DEBUG] [GUARDADO] 2025-11-19 - Homem é condenado a 18 anos de prisão pela morte de enteado ...
[2025-11-21 19:52:05][DEBUG] [GUARDADO] 2025-11-19 - PC-AM prende homem por roubo em comércio no Alvorada...
[2025-11-21 19:52:07][DEBUG] [GUARDADO] 2025-11-19 - Polícia divulga imagem de adolescente que desapareceu no bai...
[2025-11-21 19:52:09][DEBUG] [GUARDADO] 2025-11-19 - Homem condenado por roubos no interior é preso na Zona Oeste...
[2025-11-21 19:52:29][DEBUG] >> Processando página 2...
[2025-11-21 19:52:32][INFO] Encontrados 20 links na listagem.
[2025-11-21 19:52:33][DEBUG] [GUARDADO] 2025-11-19 - Suspeito de estuprar duas universitárias é preso em Manaus...
[2025-11-21 19:52:35][DEBUG] [GUARDADO] 2025-11-19 - ALE-AM autoriza novo empréstimo de R$ 1,5 bilhão à gestão Wi...
[2025-11-21 19:52:37][DEBUG] [GUARDADO] 2025-11-19 - Polícia apreende mais de uma tonelada de maconha em sítio no...
[2025-11-21 19:52:38][DEBUG] [GUARDADO] 2025-11-19 - Facções avançam e dominam 40% do Amazonas, aponta Fórum Bras...
[2025-11-21 19:52:40][DEBUG] [GUARDADO] 2025-11-19 - Execução: corpo de homem é encontrado em estrada de Parintin...
[2025-11-21 19:52:43][DEBUG] [GUARDADO] 2025-11-18 - Em Manacapuru, homem é preso por descumprimento de medida pr...
[2025-11-21 19:52:45][DEBUG] [GUARDADO] 2025-11-18 - Homem com diversos BOs por descumprimento de medida protetiv...
[2025-11-21 19:52:46][DEBUG] [GUARDADO] 2025-11-18 - Polícia identifica mãe e filha que abandonaram caixa com fil...
[2025-11-21 19:52:47][DEBUG] [GUARDADO] 2025-11-18 - Homem condenado por tráfico de drogas é preso em Beruri...
[2025-11-21 19:52:49][DEBUG] [GUARDADO] 2025-11-18 - Operação Consórcio de Papel desarticula grupo criminoso em M...
[2025-11-21 19:53:09][DEBUG] >> Processando página 3...
[2025-11-21 19:53:11][INFO] Encontrados 20 links na listagem.
[2025-11-21 19:53:14][DEBUG] [GUARDADO] 2025-11-18 - Denarc apreende 300 quilos de maconha avaliados em R$ 5,5 mi...
[2025-11-21 19:53:16][DEBUG] [GUARDADO] 2025-11-17 - PC-AM prende homem por agredir mãe idosa no bairro Colônia A...
[2025-11-21 19:53:18][DEBUG] [GUARDADO] 2025-11-17 - Polícia Civil prende foragido da Justiça por tráfico de drog...
[2025-12-15 11:16:53][INFO] Iniciando scraping para emtempo (13/12/2025 a 15/12/2025)
[2025-12-15 11:16:53][INFO] --- Iniciando busca em 'https://emtempo.com.br/category/policia/' ---
[2025-12-15 11:16:53][DEBUG] >> Processando pagina 1...
[2025-12-15 11:16:57][INFO] Encontrados 10 links na listagem.
[2025-12-15 11:17:00][DEBUG] [GUARDADO] 2025-12-15 - Briga entre moradores de rua termina com homem esfaqueado em...
[2025-12-15 11:17:02][DEBUG] [GUARDADO] 2025-12-15 - VÍDEO: Goleiro é morto a tiros em bar na Zona Norte de Manau...
[2025-12-15 11:17:06][DEBUG] [GUARDADO] 2025-12-14 - Caso Benício: Médica usava carimbo de pediatria sem especial...
[2025-12-15 11:17:08][DEBUG] [GUARDADO] 2025-12-14 - PF apreende 182 kg de drogas e armas dentro de freezers em c...
[2025-12-15 11:17:11][DEBUG] [GUARDADO] 2025-12-14 - Primeiros réus do massacre do Compaj são condenados em regim...
[2025-12-15 11:17:14][DEBUG] [GUARDADO] 2025-12-13 - Escalada de feminicídios no país destaca urgência de proteçã...
[2025-12-15 11:17:17][DEBUG] [GUARDADO] 2025-12-13 - ‘Bélgica’ é executado com mais de 10 tiros no CSU da Compens...
[2025-12-15 11:17:20][DEBUG] [GUARDADO] 2025-12-13 - Em Parintins, tio se entrega à polícia após confessar estupr...
[2025-12-15 11:17:23][DEBUG] [GUARDADO] 2025-12-13 - Homem é preso após invadir casa e estuprar menina de 12 anos...
[2025-12-15 11:17:26][DEBUG] [GUARDADO] 2025-12-13 - Colombianos são presos com 292 kg de drogas na fronteira do ...
[2025-12-15 11:17:26][DEBUG] >> Processando pagina 2...
[2025-12-15 11:17:30][INFO] Encontrados 10 links na listagem.
[2025-12-15 11:18:00][INFO] Itens da pagina 2 sao anteriores a 2025-12-13. Parando.
[2025-12-15 11:18:01][INFO] [emtempo] Arquivo salvo em: data/raw/noticias_raw_emtempo_20251213_20251215.csv
[2025-12-15 12:42:17][INFO] Iniciando scraping para emtempo (01/01/2025 a 14/12/2025)
[2025-12-15 12:42:17][INFO] --- Iniciando busca em 'https://emtempo.com.br/category/policia/' ---
[2025-12-15 12:42:17][DEBUG] >> Processando pagina 1...
[2025-12-15 12:42:22][INFO] Encontrados 10 links na listagem.
[2025-12-15 12:42:36][DEBUG] [GUARDADO] 2025-12-14 - Caso Benício: Médica usava carimbo de pediatria sem especial...
[2025-12-15 12:42:39][DEBUG] [GUARDADO] 2025-12-14 - PF apreende 182 kg de drogas e armas dentro de freezers em c...
[2025-12-15 12:42:42][DEBUG] [GUARDADO] 2025-12-14 - Primeiros réus do massacre do Compaj são condenados em regim...
[2025-12-15 12:42:44][DEBUG] [GUARDADO] 2025-12-13 - Escalada de feminicídios no país destaca urgência de proteçã...
[2025-12-15 12:42:46][DEBUG] [GUARDADO] 2025-12-13 - ‘Bélgica’ é executado com mais de 10 tiros no CSU da Compens...
[2025-12-15 12:42:50][DEBUG] [GUARDADO] 2025-12-13 - Em Parintins, tio se entrega à polícia após confessar estupr...
[2025-12-15 12:42:50][DEBUG] >> Processando pagina 2...
[2025-12-15 12:42:53][INFO] Encontrados 10 links na listagem.
[2025-12-15 12:42:56][DEBUG] [GUARDADO] 2025-12-13 - Homem é preso após invadir casa e estuprar menina de 12 anos...
[2025-12-15 12:42:59][DEBUG] [GUARDADO] 2025-12-13 - Colombianos são presos com 292 kg de drogas na fronteira do ...
[2025-12-15 12:43:02][DEBUG] [GUARDADO] 2025-12-12 - Irmãos são presos acusados de matar homem a facadas após dis...
[2025-12-15 12:43:05][DEBUG] [GUARDADO] 2025-12-12 - Padrasto é procurado pela polícia por tortura e morte de beb...
[2025-12-15 12:43:08][DEBUG] [GUARDADO] 2025-12-12 - Primos venezuelanos são procurados por espancar jovem até a ...
[2025-12-15 12:43:10][DEBUG] [GUARDADO] 2025-12-12 - Golpe do falso pagamento via Pix cresce e polícia no AM orie...
[2025-12-15 12:43:14][DEBUG] [GUARDADO] 2025-12-12 - Marido é preso por agredir esposa grávida com socos e chutes...
[2025-12-15 12:43:17][DEBUG] [GUARDADO] 2025-12-12 - Homem é preso no AM por estupro e tortura de ‘esposa’ adoles...
[2025-12-15 12:43:20][DEBUG] [GUARDADO] 2025-12-12 - Justiça do Amazonas revoga habeas corpus de médica do caso B...
[2025-12-15 12:43:23][DEBUG] [GUARDADO] 2025-12-12 - Cadela policial encontra 42 kg de skunk escondidos em balsa ...
[2025-12-15 12:43:23][DEBUG] >> Processando pagina 3...
[2025-12-15 12:43:26][INFO] Encontrados 10 links na listagem.
[2025-12-15 12:43:30][DEBUG] [GUARDADO] 2025-12-12 - Benício recebeu 15 vezes mais adrenalina que o recomendado, ...
[2025-12-15 12:43:32][DEBUG] [GUARDADO] 2025-12-12 - PM encontra drogas escondidas em geladeira transportada em c...
[2025-12-15 12:43:34][DEBUG] [GUARDADO] 2025-12-12 - Preso em Parintins suspeito de estuprar adolescente de 13 an...
[2025-12-15 12:43:38][DEBUG] [GUARDADO] 2025-12-11 - Mãe e padrasto são presos suspeitos de estuprar e filmar men...
[2025-12-15 12:43:41][DEBUG] [GUARDADO] 2025-12-11 - Homem é resgatado pela Rocam após ser torturado por criminos...
[2025-12-15 12:43:43][DEBUG] [GUARDADO] 2025-12-11 - Bebê morto em cirurgia tem corpo exumado no AM após suspeita...
[2025-12-15 12:43:47][DEBUG] [GUARDADO] 2025-12-11 - Homem é preso após matar rival com pauladas em Manacapuru...
[2025-12-15 12:43:51][DEBUG] [GUARDADO] 2025-12-11 - Caso Benício: equipe escondeu prescrição de adrenalina por m...
[2025-12-15 12:43:55][DEBUG] [GUARDADO] 2025-12-11 - VÍDEO: Motorista na contramão atropela motociclista na Const...
[2025-12-15 12:43:57][DEBUG] [GUARDADO] 2025-12-11 - Polícia procura trio que assaltou ônibus das linhas 640 e 65...
[2025-12-15 12:43:57][DEBUG] >> Processando pagina 4...
[2025-12-15 12:44:01][INFO] Encontrados 10 links na listagem.
[2025-12-15 12:44:03][DEBUG] [GUARDADO] 2025-12-11 - Amazonas tem reduções recordes no crime em 2025...
[2025-12-15 12:44:05][DEBUG] [GUARDADO] 2025-12-11 - VÍDEO: Assaltante é espancado após abordar família no Japiim...
[2025-12-15 12:44:08][DEBUG] [GUARDADO] 2025-12-10 - Cão é resgatado após maus-tratos em residência na Zona Oeste...
[2025-12-15 12:44:11][DEBUG] [GUARDADO] 2025-12-10 - Menina é resgatada em terreno baldio após sofrer sequestro e...
[2025-12-15 12:44:13][DEBUG] [GUARDADO] 2025-12-10 - VÍDEO: Marido é detido após queda de mulher do 10º andar...
[2025-12-15 12:44:17][DEBUG] [GUARDADO] 2025-12-10 - Homem é preso após confessar homicídio e indicar onde escond...
[2025-12-15 12:44:20][DEBUG] [GUARDADO] 2025-12-10 - Isabelly Aurora se despede da mãe morta pelo namorado em Man...
[2025-12-15 12:44:22][DEBUG] [GUARDADO] 2025-12-10 - PF prende venezuelana e colombiano com mais de 7 kg de cocaí...
[2025-12-15 12:44:26][DEBUG] [GUARDADO] 2025-12-10 - Homem é espancado até a morte e encontrado em terreno baldio...
[2025-12-15 12:44:29][DEBUG] [GUARDADO] 2025-12-10 - Vigilante morre após ser atingido por carro em cruzamento de...
[2025-12-15 12:44:29][DEBUG] >> Processando pagina 5...
[2025-12-15 12:44:33][INFO] Encontrados 10 links na listagem.
[2025-12-15 12:44:35][DEBUG] [GUARDADO] 2025-12-10 - Suspeito de matar mãe de Isabelly Aurora é encontrado morto ...
[2025-12-15 12:44:38][DEBUG] [GUARDADO] 2025-12-10 - VÍDEO: Suspeito de matar mãe da influenciadora Isabelly Auro...
[2025-12-15 12:44:41][DEBUG] [GUARDADO] 2025-12-09 - Suspeito de estuprar criança de 4 anos no Acre é preso no AM...
[2025-12-15 12:44:43][DEBUG] [GUARDADO] 2025-12-09 - Delegado dá detalhes do assassinato da mãe da influenciadora...
[2025-12-15 12:44:47][DEBUG] [GUARDADO] 2025-12-09 - Homem com mandado por violência doméstica é preso no Parque ...
[2025-12-15 12:44:50][DEBUG] [GUARDADO] 2025-12-09 - Trio é preso por tentativa de homicídio em UBS de Nova Olind...
[2025-12-15 12:44:53][DEBUG] [GUARDADO] 2025-12-09 - Passageiro é preso com 41 tabletes de skunk dentro de bagage...
[2025-12-15 12:44:56][DEBUG] [GUARDADO] 2025-12-09 - Caso Benício: ao contrário da médica, técnica tem habeas cor...
[2025-12-15 12:44:58][DEBUG] [GUARDADO] 2025-12-09 - Professor da rede pública é denunciado por estupro e assédio...
[2025-12-15 12:45:01][DEBUG] [GUARDADO] 2025-12-09 - TJAM inicia julgamento do massacre que deixou 56 mortos no C...
[2025-12-15 12:45:01][DEBUG] >> Processando pagina 6...
[2025-12-15 12:45:04][INFO] Encontrados 10 links na listagem.
[2025-12-15 12:45:07][DEBUG] [GUARDADO] 2025-12-09 - Quem era ‘Bebel Aventureira’, mãe de Isabelly Aurora, morta ...
[2025-12-15 12:45:10][DEBUG] [GUARDADO] 2025-12-09 - Suspeito de matar mãe de Isabelly Aurora alega em áudio que ...
[2025-12-15 12:45:12][DEBUG] [GUARDADO] 2025-12-09 - Isabelly Aurora divulga foto de suspeito de matar a própria ...
[2025-12-15 12:45:15][DEBUG] [GUARDADO] 2025-12-09 - Primo é preso após sequestrar e estuprar criança de 2 anos...
[2025-12-15 12:45:18][DEBUG] [GUARDADO] 2025-12-09 - Mãe da influenciadora Isabelly Aurora é encontrada morta em ...
[2025-12-15 12:45:20][DEBUG] [GUARDADO] 2025-12-09 - VÍDEO: Trio é alvo de ataque a tiros em frente a bar no Amaz...
[2025-12-15 12:45:22][DEBUG] [GUARDADO] 2025-12-09 - Amazonas tem 8 criminosos entre os mais procurados do país; ...
[2025-12-15 12:45:26][DEBUG] [GUARDADO] 2025-12-08 - Corpo de homem é encontrado em balneário na Zona Leste de Ma...
[2025-12-15 12:45:29][DEBUG] [GUARDADO] 2025-12-08 - Idoso é preso suspeito de estuprar filha de 19 anos em Tapau...
[2025-12-15 12:45:32][DEBUG] [GUARDADO] 2025-12-08 - Adolescente é apreendido após estuprar prima de 3 anos no AM...
[2025-12-15 12:45:32][DEBUG] >> Processando pagina 7...
[2025-12-15 12:45:36][INFO] Encontrados 10 links na listagem.
[2025-12-15 12:45:38][DEBUG] [GUARDADO] 2025-12-08 - Mulher é espancada por parceiro e familiares após pedir fim ...
[2025-12-15 12:45:40][DEBUG] [GUARDADO] 2025-12-07 - Homem é preso por estuprar a própria filha...
[2025-12-15 12:45:44][DEBUG] [GUARDADO] 2025-12-07 - Homem é preso após furtar celulares de pacientes em hospital...
[2025-12-15 12:45:48][DEBUG] [GUARDADO] 2025-12-06 - Mulher é feita refém por quase três horas em sacada de hospi...
[2025-12-15 12:45:50][DEBUG] [GUARDADO] 2025-12-05 - Operação no AM desarticula grupos de roubos e furtos de veíc...
[2025-12-15 12:45:53][DEBUG] [GUARDADO] 2025-12-05 - Trio é preso por estupro de adolescente em Autazes, no AM...
[2025-12-15 12:45:56][DEBUG] [GUARDADO] 2025-12-05 - Suspeito é procurado por roubo em ônibus das linhas 650 e 67...
[2025-12-15 12:46:00][DEBUG] [GUARDADO] 2025-12-05 - Empresária sequestrada é resgatada por policiais em área de ...
[2025-12-15 12:46:02][DEBUG] [GUARDADO] 2025-12-05 - Falsa dentista é presa após aplicar golpes em Manaus...
[2025-12-15 12:46:05][DEBUG] [GUARDADO] 2025-12-05 - Polícia investiga morte de criança durante cirurgia em Presi...
[2025-12-15 12:46:05][DEBUG] >> Processando pagina 8...
[2025-12-15 12:46:08][INFO] Encontrados 10 links na listagem.
[2025-12-15 12:46:10][DEBUG] [GUARDADO] 2025-12-05 - Padrasto é suspeito de estuprar criança em Manacapuru e ofer...
[2025-12-15 12:46:13][DEBUG] [GUARDADO] 2025-12-05 - Dentista é preso por golpes em pacientes durante procediment...
[2025-12-15 12:46:16][DEBUG] [GUARDADO] 2025-12-05 - Criminosos matam homem a tiros e jogam pedra gigante sobre o...
[2025-12-15 12:46:18][DEBUG] [GUARDADO] 2025-12-05 - Defesa de médica diz que Benício morreu por broncoaspiração ...
[2025-12-15 12:46:21][DEBUG] [GUARDADO] 2025-12-04 - PF apreende 15 kg de pasta base de cocaína em caixas com bol...
[2025-12-15 12:46:24][DEBUG] [GUARDADO] 2025-12-04 - Ação integrada apreende 370 kg de cocaína no Rio Solimões...
[2025-12-15 12:46:28][DEBUG] [GUARDADO] 2025-12-04 - Pai é preso em Manaus suspeito de estuprar filha de 12 anos ...
[2025-12-15 12:46:31][DEBUG] [GUARDADO] 2025-12-04 - VÍDEO: Partes de corpo humano são encontradas boiando em rio...
[2025-12-15 12:46:35][DEBUG] [GUARDADO] 2025-12-04 - Pastor é suspeito de fraudes e receptação em loja de carros ...
[2025-12-15 12:46:38][DEBUG] [GUARDADO] 2025-12-04 - Técnica que aplicou adrenalina em Benício é suspensa do exer...
[2025-12-15 12:46:38][DEBUG] >> Processando pagina 9...
[2025-12-15 12:46:41][INFO] Encontrados 10 links na listagem.
[2025-12-15 12:46:43][DEBUG] [GUARDADO] 2025-12-04 - ‘Jogador’: o pistoleiro de 19 anos executou homem ‘jurado de...
[2025-12-15 12:46:47][DEBUG] [GUARDADO] 2025-12-04 - Corpo aparece em ecobarreira no Alvorada e mobiliza polícia ...
[2025-12-15 12:46:50][DEBUG] [GUARDADO] 2025-12-04 - Drogas vindas de Tabatinga são apreendidas em embarcação em ...
[2025-12-15 12:46:53][DEBUG] [GUARDADO] 2025-12-04 - Mulher chega machucada à delegacia e agressor é preso em fla...
[2025-12-15 12:46:57][DEBUG] [GUARDADO] 2025-12-04 - Mulher tenta registrar bebê que não era dela e acaba desmasc...
[2025-12-15 12:47:00][DEBUG] [GUARDADO] 2025-12-04 - ‘Talarica!’: acusação de traição termina em agressão dentro ...
[2025-12-15 12:47:03][DEBUG] [GUARDADO] 2025-12-04 - Golpe da ligação muda: criminosos usam sua voz para fraudes ...
[2025-12-15 12:47:06][DEBUG] [GUARDADO] 2025-12-04 - Acareação entre médica e técnica vai esclarecer morte de Ben...
[2025-12-15 12:47:08][DEBUG] [GUARDADO] 2025-12-04 - Pai mata filho afogado após adolescente defender a mãe de ag...
[2025-12-15 12:47:10][DEBUG] [GUARDADO] 2025-12-04 - Operação prende dois homens por estupros de filha e enteada ...
[2025-12-15 12:47:10][DEBUG] >> Processando pagina 10...
[2025-12-15 12:47:12][INFO] Encontrados 10 links na listagem.
[2025-12-15 12:47:15][DEBUG] [GUARDADO] 2025-12-03 - PF prende condenado por matar adolescente em disputa entre f...
[2025-12-15 12:47:19][DEBUG] [GUARDADO] 2025-12-03 - Pastor é preso por aplicar golpe financeiro de R$ 457 mil em...
[2025-12-15 12:47:22][DEBUG] [GUARDADO] 2025-12-03 - Motorista de app é preso suspeito de estuprar enteada de 8 a...
[2025-12-15 12:47:26][DEBUG] [GUARDADO] 2025-12-03 - Homem é preso por agredir, perseguir e divulgar vídeo íntimo...
[2025-12-15 12:47:29][DEBUG] [GUARDADO] 2025-12-03 - Defesa de médica alega falha do sistema em prescrição que le...
[2025-12-15 12:47:33][DEBUG] [GUARDADO] 2025-12-03 - PC negocia com Funai entrega de adolescentes suspeitos de es...
[2025-12-15 12:47:35][DEBUG] [GUARDADO] 2025-12-03 - Preso atirador que matou homem em shopping de Manaus...
[2025-12-15 12:47:38][DEBUG] [GUARDADO] 2025-12-02 - Diário de aluna de 11 anos detalha abusos de professor de ca...
[2025-12-15 12:47:41][DEBUG] [GUARDADO] 2025-12-02 - Motorista de app é procurado suspeito de estuprar adolescent...
[2025-12-15 12:47:45][DEBUG] [GUARDADO] 2025-12-02 - Polícia Civil cumpre prisão de tio e procura pai por abusos ...
[2025-12-15 12:47:45][DEBUG] >> Processando pagina 11...
[2025-12-15 12:47:48][INFO] Encontrados 10 links na listagem.
[2025-12-15 12:47:51][DEBUG] [GUARDADO] 2025-12-02 - Quarteto é preso por roubo de nove veículos em parqueamento ...
[2025-12-15 12:47:54][DEBUG] [GUARDADO] 2025-12-02 - Homem é encontrado boiando em praia de Maués, no Amazonas...
[2025-12-15 12:47:58][DEBUG] [GUARDADO] 2025-12-02 - Homem é preso por matar esposa com água quente em Manaus...
[2025-12-15 12:48:01][DEBUG] [GUARDADO] 2025-12-02 - Corpo é encontrado em estado de decomposição na praia Dourad...
[2025-12-15 12:48:04][DEBUG] [GUARDADO] 2025-12-02 - Jovem exige dinheiro do avô para comprar drogas e acaba pres...
[2025-12-15 12:48:07][DEBUG] [GUARDADO] 2025-12-02 - Jovem é preso por agredir e ameaçar ex na Zona Norte de Mana...
[2025-12-15 12:48:10][DEBUG] [GUARDADO] 2025-12-02 - Homem é preso após matar cachorro a pauladas em rua no inter...
[2025-12-15 12:48:13][DEBUG] [GUARDADO] 2025-12-02 - Receita Federal apreende 2 mil iPhones e remédio proibido pa...
[2025-12-15 12:48:17][DEBUG] [GUARDADO] 2025-12-01 - VÍDEO: Homem é preso após matar cachorro estrangulado em Bor...
[2025-12-15 12:48:19][DEBUG] [GUARDADO] 2025-12-01 - Polícia procura quatro pessoas desaparecidas em Manaus; veja...
[2025-12-15 12:48:19][DEBUG] >> Processando pagina 12...
[2025-12-15 12:48:22][INFO] Encontrados 10 links na listagem.
[2025-12-15 12:48:25][DEBUG] [GUARDADO] 2025-12-01 - Vítima de ataque em SP passa por amputação das pernas...
[2025-12-15 12:48:27][DEBUG] [GUARDADO] 2025-12-01 - Vídeo: Vigilante é morto após briga por vaga de estacionamen...
[2025-12-15 12:48:31][DEBUG] [GUARDADO] 2025-12-01 - Alerta em Manaus: 19 vítimas caem no golpe da venda de terre...
[2025-12-15 12:48:33][DEBUG] [GUARDADO] 2025-12-01 - Dupla é presa após matar homem a marretadas dentro de casa e...
[2025-12-15 12:48:36][DEBUG] [GUARDADO] 2025-12-01 - Caso Benício: prints são reais e mostram médica admitindo er...
[2025-12-15 12:48:39][DEBUG] [GUARDADO] 2025-12-01 - Caso Benício: família protesta e aponta erro médico e ausênc...
[2025-12-15 12:48:41][DEBUG] [GUARDADO] 2025-12-01 - Papai Noel é preso em shopping por estupro de vulnerável...
[2025-12-15 12:48:44][DEBUG] [GUARDADO] 2025-12-01 - ‘Racha’ em estrada no AM termina com briga generalizada...
[2025-12-15 12:48:46][DEBUG] [GUARDADO] 2025-12-01 - Preso motorista que arrastou mulher por 1 km na Marginal Tie...
[2025-12-15 12:48:49][DEBUG] [GUARDADO] 2025-11-30 - Servidor público é preso por importunação sexual durante eve...
[2025-12-15 12:48:49][DEBUG] >> Processando pagina 13...
[2025-12-15 12:48:52][INFO] Encontrados 10 links na listagem.
[2025-12-15 12:48:55][DEBUG] [GUARDADO] 2025-11-30 - Homem é preso após matar a tiros mulher trans por ciúmes no ...
[2025-12-15 12:48:57][DEBUG] [GUARDADO] 2025-11-29 - PL Antifacção promete endurecer o enfrentamento das facções ...
[2025-12-15 12:49:00][DEBUG] [GUARDADO] 2025-11-29 - Criminosos matam e tentam arrancar vísceras de homem no São ...
[2025-12-15 12:49:03][DEBUG] [GUARDADO] 2025-11-29 - VEJA: Prints expõem confissão de médica após prescrever adre...
[2025-12-15 12:49:07][DEBUG] [GUARDADO] 2025-11-29 - Médico é preso pela PF por faltar em parto que resultou na m...
[2025-12-15 12:49:09][DEBUG] [GUARDADO] 2025-11-29 - Homem é preso após tentar matar a própria irmã com pedaço de...
[2025-12-15 12:49:13][DEBUG] [GUARDADO] 2025-11-28 - VÍDEO: Aluno é espancado por outro estudante em frente à esc...
[2025-12-15 12:49:16][DEBUG] [GUARDADO] 2025-11-28 - Funcionário é preso após furtar latas de leite de mercadinho...
[2025-12-15 12:49:20][DEBUG] [GUARDADO] 2025-11-28 - Suspeito de roubar celular de grávida em ônibus é preso em M...
[2025-12-15 12:49:24][DEBUG] [GUARDADO] 2025-11-28 - Mãe de amigo de Benício relata dor do filho após morte em Ma...
[2025-12-15 12:49:24][DEBUG] >> Processando pagina 14...
[2025-12-15 12:49:26][INFO] Encontrados 10 links na listagem.
[2025-12-15 12:49:29][DEBUG] [GUARDADO] 2025-11-28 - Técnica diz que médica ignorou urgência antes da morte de Be...
[2025-12-15 12:49:31][DEBUG] [GUARDADO] 2025-11-28 - Professor de futebol é preso em Coari por estupro de aluna d...
[2025-12-15 12:49:33][DEBUG] [GUARDADO] 2025-11-28 - Professor de artes marciais é preso por estupro de aluna de ...
[2025-12-15 12:49:37][DEBUG] [GUARDADO] 2025-11-28 - Caso Benício: Médica presta depoimento e Justiça barra pedid...
[2025-12-15 12:49:40][DEBUG] [GUARDADO] 2025-11-28 - Dupla é presa após roubar celular e ameaçar homem no AM...
[2025-12-15 12:49:43][DEBUG] [GUARDADO] 2025-11-28 - Mulher pula do 2º andar após ser asfixiada e ameaçada por te...
[2025-12-15 12:49:46][DEBUG] [GUARDADO] 2025-11-27 - Mulher tenta levar drogas a detento e acaba detida em flagra...
[2025-12-15 12:49:49][DEBUG] [GUARDADO] 2025-11-27 - VÍDEO: Atirador filma e executa homem a tiros perto de porto...
[2025-12-15 12:49:53][DEBUG] [GUARDADO] 2025-11-27 - Pai é preso por agredir filho de 13 anos com perna-manca e c...
[2025-12-15 12:49:57][DEBUG] [GUARDADO] 2025-11-27 - Vídeo mostra médico em bar horas antes de faltar a parto no ...
[2025-12-15 12:49:57][DEBUG] >> Processando pagina 15...
[2025-12-15 12:50:00][INFO] Encontrados 10 links na listagem.
[2025-12-15 12:50:04][DEBUG] [GUARDADO] 2025-11-27 - VÍDEO: Homem é morto com tiros na cabeça em Tabatinga, no AM...
[2025-12-15 12:50:08][DEBUG] [GUARDADO] 2025-11-27 - VÍDEO: Cães são flagrados comendo outro cachorro em canil ab...
[2025-12-15 12:50:11][DEBUG] [GUARDADO] 2025-11-27 - Dois homens são executados a tiros no ramal do Brasileirinho...
[2025-12-15 12:50:15][DEBUG] [GUARDADO] 2025-11-26 - Pistoleiros executam homem com vários tiros na cabeça em rua...
[2025-12-15 12:50:17][DEBUG] [GUARDADO] 2025-11-26 - Falsa “musa de Beruri” é presa em Manaus por aplicar golpe e...
[2025-12-15 12:50:20][DEBUG] [GUARDADO] 2025-11-26 - Cantor sertanejo morre após ser baleado em briga de trânsito...
[2025-12-15 12:51:36][INFO] Iniciando scraping para emtempo (12/12/2025 a 15/12/2025)
[2025-12-15 12:51:36][INFO] --- Iniciando busca em 'https://emtempo.com.br/category/policia/' ---
[2025-12-15 12:51:36][DEBUG] >> Processando pagina 1...
[2025-12-15 12:51:40][INFO] Encontrados 10 links na listagem.
[2025-12-15 12:51:42][DEBUG] [GUARDADO] 2025-12-15 - Torcedor do Cruzeiro atira contra vizinhos após comemoração ...
[2025-12-15 12:51:45][DEBUG] [GUARDADO] 2025-12-15 - Saiba quem é o empresário preso pela PF em Manaus suspeito d...
[2025-12-15 12:51:48][DEBUG] [GUARDADO] 2025-12-15 - Musa de escola de samba denuncia agressão em corrida por app...
[2025-12-15 12:51:51][DEBUG] [GUARDADO] 2025-12-15 - Briga entre moradores de rua termina com homem esfaqueado em...
[2025-12-15 12:51:55][DEBUG] [GUARDADO] 2025-12-15 - VÍDEO: Goleiro é morto a tiros em bar na Zona Norte de Manau...
[2025-12-15 12:51:58][DEBUG] [GUARDADO] 2025-12-14 - Caso Benício: Médica usava carimbo de pediatria sem especial...
[2025-12-15 12:52:02][DEBUG] [GUARDADO] 2025-12-14 - PF apreende 182 kg de drogas e armas dentro de freezers em c...
[2025-12-15 12:52:04][DEBUG] [GUARDADO] 2025-12-14 - Primeiros réus do massacre do Compaj são condenados em regim...
[2025-12-15 12:52:08][DEBUG] [GUARDADO] 2025-12-13 - Escalada de feminicídios no país destaca urgência de proteçã...
[2025-12-15 12:52:11][DEBUG] [GUARDADO] 2025-12-13 - ‘Bélgica’ é executado com mais de 10 tiros no CSU da Compens...
[2025-12-15 12:52:11][DEBUG] >> Processando pagina 2...
[2025-12-15 12:52:14][INFO] Encontrados 10 links na listagem.
[2025-12-15 12:52:16][DEBUG] [GUARDADO] 2025-12-13 - Em Parintins, tio se entrega à polícia após confessar estupr...
[2025-12-15 12:52:19][DEBUG] [GUARDADO] 2025-12-13 - Homem é preso após invadir casa e estuprar menina de 12 anos...
[2025-12-15 12:52:22][DEBUG] [GUARDADO] 2025-12-13 - Colombianos são presos com 292 kg de drogas na fronteira do ...
[2025-12-15 12:52:25][DEBUG] [GUARDADO] 2025-12-12 - Irmãos são presos acusados de matar homem a facadas após dis...
[2025-12-15 12:52:28][DEBUG] [GUARDADO] 2025-12-12 - Padrasto é procurado pela polícia por tortura e morte de beb...
[2025-12-15 12:52:31][DEBUG] [GUARDADO] 2025-12-12 - Primos venezuelanos são procurados por espancar jovem até a ...
[2025-12-15 12:52:34][DEBUG] [GUARDADO] 2025-12-12 - Golpe do falso pagamento via Pix cresce e polícia no AM orie...
[2025-12-15 12:52:38][DEBUG] [GUARDADO] 2025-12-12 - Marido é preso por agredir esposa grávida com socos e chutes...
[2025-12-15 12:52:40][DEBUG] [GUARDADO] 2025-12-12 - Homem é preso no AM por estupro e tortura de ‘esposa’ adoles...
[2025-12-15 12:52:42][DEBUG] [GUARDADO] 2025-12-12 - Justiça do Amazonas revoga habeas corpus de médica do caso B...
[2025-12-15 12:52:42][DEBUG] >> Processando pagina 3...
[2025-12-15 12:52:44][INFO] Encontrados 10 links na listagem.
[2025-12-15 12:52:48][DEBUG] [GUARDADO] 2025-12-12 - Cadela policial encontra 42 kg de skunk escondidos em balsa ...
[2025-12-15 12:52:51][DEBUG] [GUARDADO] 2025-12-12 - Benício recebeu 15 vezes mais adrenalina que o recomendado, ...
[2025-12-15 12:52:54][DEBUG] [GUARDADO] 2025-12-12 - PM encontra drogas escondidas em geladeira transportada em c...
[2025-12-15 12:52:57][DEBUG] [GUARDADO] 2025-12-12 - Preso em Parintins suspeito de estuprar adolescente de 13 an...
[2025-12-15 12:53:14][DEBUG] >> Processando pagina 4...
[2025-12-15 12:53:18][INFO] Encontrados 10 links na listagem.
[2025-12-15 12:55:17][INFO] Iniciando scraping para acritica (01/12/2025 a 01/12/2025)
[2025-12-15 12:55:17][INFO] --- Iniciando busca em 'https://www.acritica.com/policia' ---
[2025-12-15 12:55:17][DEBUG] >> Processando p gina 1...
[2025-12-15 12:55:19][INFO] Encontrados 20 links na listagem.
[2025-12-15 12:55:58][DEBUG] >> Processando p gina 2...
[2025-12-15 12:56:00][INFO] Encontrados 20 links na listagem.
[2025-12-15 12:57:19][INFO] Iniciando scraping para emtempo (01/12/2025 a 01/12/2025)
[2025-12-15 12:57:19][INFO] --- Iniciando busca em 'https://emtempo.com.br/category/policia/' ---
[2025-12-15 12:57:19][DEBUG] >> Processando pagina 1...
[2025-12-15 12:57:23][INFO] Encontrados 10 links na listagem.
[2025-12-15 12:57:50][DEBUG] >> Processando pagina 2...
[2025-12-15 12:57:53][INFO] Encontrados 10 links na listagem.
[2025-12-15 12:58:21][DEBUG] >> Processando pagina 3...
[2025-12-15 12:58:24][INFO] Encontrados 10 links na listagem.
[2025-12-15 12:58:49][DEBUG] >> Processando pagina 4...
[2025-12-15 12:58:53][INFO] Encontrados 10 links na listagem.
[2025-12-15 12:59:22][DEBUG] >> Processando pagina 5...
[2025-12-15 12:59:25][INFO] Encontrados 10 links na listagem.
[2025-12-15 12:59:54][DEBUG] >> Processando pagina 6...
[2025-12-15 12:59:56][INFO] Encontrados 10 links na listagem.
[2025-12-15 13:00:23][DEBUG] >> Processando pagina 7...
[2025-12-15 13:00:26][INFO] Encontrados 10 links na listagem.
[2025-12-15 13:00:54][DEBUG] >> Processando pagina 8...
[2025-12-15 13:00:57][INFO] Encontrados 10 links na listagem.
[2025-12-15 13:01:25][DEBUG] >> Processando pagina 9...
[2025-12-15 13:01:28][INFO] Encontrados 10 links na listagem.
[2025-12-15 13:01:54][DEBUG] >> Processando pagina 10...
[2025-12-15 13:01:57][INFO] Encontrados 10 links na listagem.
[2025-12-15 13:02:24][DEBUG] >> Processando pagina 11...
[2025-12-15 13:02:27][INFO] Encontrados 10 links na listagem.
[2025-12-15 13:02:50][DEBUG] [GUARDADO] 2025-12-01 - VÍDEO: Homem é preso após matar cachorro estrangulado em Bor...
[2025-12-15 13:02:50][DEBUG] >> Processando pagina 12...
[2025-12-15 13:02:53][INFO] Encontrados 10 links na listagem.
[2025-12-15 13:02:55][DEBUG] [GUARDADO] 2025-12-01 - Polícia procura quatro pessoas desaparecidas em Manaus; veja...
[2025-12-15 13:02:58][DEBUG] [GUARDADO] 2025-12-01 - Vítima de ataque em SP passa por amputação das pernas...
[2025-12-15 13:03:01][DEBUG] [GUARDADO] 2025-12-01 - Vídeo: Vigilante é morto após briga por vaga de estacionamen...
[2025-12-15 13:03:03][DEBUG] [GUARDADO] 2025-12-01 - Alerta em Manaus: 19 vítimas caem no golpe da venda de terre...
[2025-12-15 13:03:05][DEBUG] [GUARDADO] 2025-12-01 - Dupla é presa após matar homem a marretadas dentro de casa e...
[2025-12-15 13:03:09][DEBUG] [GUARDADO] 2025-12-01 - Caso Benício: prints são reais e mostram médica admitindo er...
[2025-12-15 13:03:12][DEBUG] [GUARDADO] 2025-12-01 - Caso Benício: família protesta e aponta erro médico e ausênc...
[2025-12-15 13:03:15][DEBUG] [GUARDADO] 2025-12-01 - Papai Noel é preso em shopping por estupro de vulnerável...
[2025-12-15 13:03:18][DEBUG] [GUARDADO] 2025-12-01 - ‘Racha’ em estrada no AM termina com briga generalizada...
[2025-12-15 13:03:21][DEBUG] [GUARDADO] 2025-12-01 - Preso motorista que arrastou mulher por 1 km na Marginal Tie...
[2025-12-15 13:03:21][DEBUG] >> Processando pagina 13...
[2025-12-15 13:03:24][INFO] Encontrados 10 links na listagem.
[2025-12-15 13:03:26][DEBUG] [GUARDADO] 2025-12-01 - Preso motorista que arrastou mulher por 1 km na Marginal Tie...
[2025-12-15 13:03:51][DEBUG] >> Processando pagina 14...
[2025-12-15 13:03:54][INFO] Encontrados 10 links na listagem.
[2025-12-15 13:04:23][INFO] Itens da pagina 14 sao anteriores a 2025-12-01. Parando.
[2025-12-15 13:04:23][INFO] [emtempo] Arquivo salvo em: data/raw/noticias_raw_emtempo_20251201_20251201.csv
[2025-12-15 13:04:23][INFO] Iniciando scraping para acritica (01/12/2025 a 01/12/2025)
[2025-12-15 13:04:23][INFO] --- Iniciando busca em 'https://www.acritica.com/policia' ---
[2025-12-15 13:04:24][DEBUG] >> Processando p gina 1...
[2025-12-15 13:04:27][INFO] Encontrados 20 links na listagem.
[2025-12-15 13:05:05][DEBUG] >> Processando p gina 2...
[2025-12-15 13:05:08][INFO] Encontrados 20 links na listagem.
[2025-12-15 13:05:44][DEBUG] >> Processando p gina 3...
[2025-12-15 13:05:47][INFO] Encontrados 20 links na listagem.
[2025-12-15 13:06:30][DEBUG] >> Processando p gina 4...
[2025-12-15 13:06:32][INFO] Encontrados 20 links na listagem.
[2025-12-15 13:07:14][DEBUG] >> Processando p gina 5...
[2025-12-15 13:07:16][INFO] Encontrados 20 links na listagem.
[2025-12-15 13:07:58][DEBUG] >> Processando p gina 6...
[2025-12-15 13:08:00][INFO] Encontrados 20 links na listagem.
[2025-12-15 13:08:39][DEBUG] >> Processando p gina 7...
[2025-12-15 13:08:42][INFO] Encontrados 20 links na listagem.
[2025-12-15 13:09:14][DEBUG] >> Processando p gina 8...
[2025-12-15 13:09:16][INFO] Encontrados 20 links na listagem.
[2025-12-15 13:09:56][DEBUG] >> Processando p gina 9...
[2025-12-15 13:09:59][INFO] Encontrados 20 links na listagem.
[2025-12-15 13:10:10][DEBUG] [GUARDADO] 2025-12-01 - Polícia Civil investiga esquema de golpes em terrenos e orie...
[2025-12-15 13:10:12][DEBUG] [GUARDADO] 2025-12-01 - Homem condenado a oito anos de prisão por estupro de vulnerá...
[2025-12-15 13:10:15][DEBUG] [GUARDADO] 2025-12-01 - Polícia prende homem que atropelou e arrastou mulher em São ...
[2025-12-15 13:10:46][DEBUG] >> Processando p gina 10...
[2025-12-15 13:10:49][INFO] Encontrados 20 links na listagem.
[2025-12-15 13:11:25][INFO] Todos os itens da p gina 10 sÆo anteriores a 2025-12-01. Parando.
[2025-12-15 13:11:25][INFO] [acritica] Arquivo salvo em: data/raw/noticias_raw_acritica_20251201_20251201.csv
